

Microchip Technology PIC18 LITE Macro Assembler V1.33 build 59893 
                                                                                               Fri Jan 23 13:33:22 2015

Microchip Technology Omniscient Code Generator (Lite mode) build 59893
     1                           	processor	18F4320
     2                           	fnconf	rparam,??,?,0
     3                           	opt	pw 120
     4                           	opt	lm
     5                           	psect	text0,global,reloc=2,class=CODE,delta=1
     6                           	psect	cinit,global,reloc=2,class=CODE,delta=1
     7                           	psect	cstackCOMRAM,global,class=COMRAM,space=1,delta=1
     8                           	psect	text1,global,reloc=2,class=CODE,delta=1
     9                           	psect	text2,global,reloc=2,class=CODE,delta=1
    10                           	psect	text3,global,reloc=2,class=CODE,delta=1
    11                           	psect	text4,global,reloc=2,class=CODE,delta=1
    12                           	psect	intsave_regs,global,class=BIGRAM,space=1,delta=1
    13                           	psect	rparam,global,class=COMRAM,space=1,delta=1
    14  0000                     _DDRD	set	3989
    15  0000                     _LATD	set	3980
    16                           
    17                           ; 0 bytes @ 0x7
    18 ;;
    19 ;;Main: autosize = 0, tempsize = 0, incstack = 0, save=0
    20 ;;
    21 ;; *************** function _main *****************
    22 ;; Defined at:
    23 ;;		line 21 in file "Lab2Main.c"
    24 ;; Parameters:    Size  Location     Type
    25 ;;  argc            2    2[COMRAM] int 
    26 ;;  argv            3    4[COMRAM] PTR PTR unsigned char 
    27 ;; Auto vars:     Size  Location     Type
    28 ;;		None
    29 ;; Return value:  Size  Location     Type
    30 ;;                  2    2[COMRAM] int 
    31 ;; Registers used:
    32 ;;		wreg, status,2, cstack
    33 ;; Tracked objects:
    34 ;;		On entry : 0/0
    35 ;;		On exit  : 0/0
    36 ;;		Unchanged: 0/0
    37 ;; Data sizes:     COMRAM   BANK0   BANK1
    38 ;;      Params:         5       0       0
    39 ;;      Locals:         0       0       0
    40 ;;      Temps:          0       0       0
    41 ;;      Totals:         5       0       0
    42 ;;Total ram usage:        5 bytes
    43 ;; Hardware stack levels required when called:    1
    44 ;; This function calls:
    45 ;;		_Delay10KTCYx
    46 ;;		_closeLED
    47 ;;		_openLED
    48 ;;		_setLED
    49 ;; This function is called by:
    50 ;;		Startup code after reset
    51 ;; This function uses a non-reentrant model
    52 ;;
    53                           
    54                           	psect	text0
    55  001FE4                     __ptext0:
    56                           	opt stack 0
    57  001FE4                     _main:
    58                           	opt stack 30
    59                           
    60                           ;Lab2Main.c: 23: openLED();
    61                           
    62                           ;incstack = 0
    63  001FE4  ECDD  F00F         	call	_openLED	;wreg free
    64  001FE8                     l616:
    65                           
    66                           ;Lab2Main.c: 29: setLED(0b11111111);
    67  001FE8  0EFF               	movlw	255
    68  001FEA  ECE3  F00F         	call	_setLED
    69                           
    70                           ;Lab2Main.c: 30: Delay10KTCYx(25);
    71  001FEE  0E19               	movlw	25
    72  001FF0  ECE7  F00F         	call	_Delay10KTCYx
    73                           
    74                           ;Lab2Main.c: 31: closeLED();
    75  001FF4  ECDA  F00F         	call	_closeLED	;wreg free
    76                           
    77                           ;Lab2Main.c: 32: Delay10KTCYx(25);
    78  001FF8  0E19               	movlw	25
    79  001FFA  ECE7  F00F         	call	_Delay10KTCYx
    80  001FFE  D7F4               	goto	l616
    81  002000                     __end_of_main:
    82                           	opt stack 0
    83                           
    84                           	psect	cinit
    85  001FC0                     __pcinit:
    86                           	opt stack 0
    87  001FC0                     start_initialization:
    88                           	opt stack 0
    89  001FC0                     __initialization:
    90                           	opt stack 0
    91  001FC0                     end_of_initialization:
    92                           	opt stack 0
    93  001FC0                     __end_of__initialization:
    94                           	opt stack 0
    95  001FC0  0100               	movlb	0
    96  001FC2  EFF2  F00F         	goto	_main	;jump to C main() function
    97                           
    98                           	psect	cstackCOMRAM
    99  000001                     __pcstackCOMRAM:
   100                           	opt stack 0
   101  000001                     ??_Delay10KTCYx:
   102  000001                     setLED@value:
   103                           	opt stack 0
   104                           
   105                           ; 1 bytes @ 0x0
   106  000001                     	ds	1
   107  000002                     Delay10KTCYx@unit:
   108                           	opt stack 0
   109                           
   110                           ; 1 bytes @ 0x1
   111  000002                     	ds	1
   112  000003                     
   113                           ; 2 bytes @ 0x2
   114  000003                     	ds	2
   115  000005                     
   116                           ; 3 bytes @ 0x4
   117  000005                     	ds	3
   118  000008                     
   119 ;; *************** function _setLED *****************
   120 ;; Defined at:
   121 ;;		line 46 in file "led.h"
   122 ;; Parameters:    Size  Location     Type
   123 ;;  value           1    wreg     unsigned char 
   124 ;; Auto vars:     Size  Location     Type
   125 ;;  value           1    0[COMRAM] unsigned char 
   126 ;; Return value:  Size  Location     Type
   127 ;;		None               void
   128 ;; Registers used:
   129 ;;		wreg
   130 ;; Tracked objects:
   131 ;;		On entry : 0/0
   132 ;;		On exit  : 0/0
   133 ;;		Unchanged: 0/0
   134 ;; Data sizes:     COMRAM   BANK0   BANK1
   135 ;;      Params:         0       0       0
   136 ;;      Locals:         1       0       0
   137 ;;      Temps:          0       0       0
   138 ;;      Totals:         1       0       0
   139 ;;Total ram usage:        1 bytes
   140 ;; Hardware stack levels used:    1
   141 ;; This function calls:
   142 ;;		Nothing
   143 ;; This function is called by:
   144 ;;		_main
   145 ;; This function uses a non-reentrant model
   146 ;;
   147                           
   148                           	psect	text1
   149  001FC6                     __ptext1:
   150                           	opt stack 0
   151  001FC6                     _setLED:
   152                           	opt stack 30
   153                           
   154                           ;incstack = 0
   155                           ;setLED@value stored from wreg
   156  001FC6  6E01               	movwf	setLED@value,c
   157                           
   158                           ;led.h: 47: LATD = value;
   159  001FC8  C001  FF8C         	movff	setLED@value,3980	;volatile
   160  001FCC  0012               	return	
   161  001FCE                     __end_of_setLED:
   162                           	opt stack 0
   163                           
   164 ;; *************** function _openLED *****************
   165 ;; Defined at:
   166 ;;		line 28 in file "led.h"
   167 ;; Parameters:    Size  Location     Type
   168 ;;		None
   169 ;; Auto vars:     Size  Location     Type
   170 ;;		None
   171 ;; Return value:  Size  Location     Type
   172 ;;		None               void
   173 ;; Registers used:
   174 ;;		wreg, status,2
   175 ;; Tracked objects:
   176 ;;		On entry : 0/0
   177 ;;		On exit  : 0/0
   178 ;;		Unchanged: 0/0
   179 ;; Data sizes:     COMRAM   BANK0   BANK1
   180 ;;      Params:         0       0       0
   181 ;;      Locals:         0       0       0
   182 ;;      Temps:          0       0       0
   183 ;;      Totals:         0       0       0
   184 ;;Total ram usage:        0 bytes
   185 ;; Hardware stack levels used:    1
   186 ;; This function calls:
   187 ;;		Nothing
   188 ;; This function is called by:
   189 ;;		_main
   190 ;; This function uses a non-reentrant model
   191 ;;
   192                           
   193                           	psect	text2
   194  001FBA                     __ptext2:
   195                           	opt stack 0
   196  001FBA                     _openLED:
   197                           	opt stack 30
   198                           
   199                           ;led.h: 30: DDRD = 0;
   200                           
   201                           ;incstack = 0
   202  001FBA  0E00               	movlw	0
   203  001FBC  6E95               	movwf	3989,c	;volatile
   204  001FBE  0012               	return	
   205  001FC0                     __end_of_openLED:
   206                           	opt stack 0
   207                           
   208 ;; *************** function _closeLED *****************
   209 ;; Defined at:
   210 ;;		line 36 in file "led.h"
   211 ;; Parameters:    Size  Location     Type
   212 ;;		None
   213 ;; Auto vars:     Size  Location     Type
   214 ;;		None
   215 ;; Return value:  Size  Location     Type
   216 ;;		None               void
   217 ;; Registers used:
   218 ;;		wreg, status,2
   219 ;; Tracked objects:
   220 ;;		On entry : 0/0
   221 ;;		On exit  : 0/0
   222 ;;		Unchanged: 0/0
   223 ;; Data sizes:     COMRAM   BANK0   BANK1
   224 ;;      Params:         0       0       0
   225 ;;      Locals:         0       0       0
   226 ;;      Temps:          0       0       0
   227 ;;      Totals:         0       0       0
   228 ;;Total ram usage:        0 bytes
   229 ;; Hardware stack levels used:    1
   230 ;; This function calls:
   231 ;;		Nothing
   232 ;; This function is called by:
   233 ;;		_main
   234 ;; This function uses a non-reentrant model
   235 ;;
   236                           
   237                           	psect	text3
   238  001FB4                     __ptext3:
   239                           	opt stack 0
   240  001FB4                     _closeLED:
   241                           	opt stack 30
   242                           
   243                           ;led.h: 37: LATD = 0b00000000;
   244                           
   245                           ;incstack = 0
   246  001FB4  0E00               	movlw	0
   247  001FB6  6E8C               	movwf	3980,c	;volatile
   248  001FB8  0012               	return	
   249  001FBA                     __end_of_closeLED:
   250                           	opt stack 0
   251                           
   252 ;; *************** function _Delay10KTCYx *****************
   253 ;; Defined at:
   254 ;;		line 8 in file "C:\Program Files (x86)\Microchip\xc8\v1.33\sources\pic18\d10ktcyx.c"
   255 ;; Parameters:    Size  Location     Type
   256 ;;  unit            1    wreg     unsigned char 
   257 ;; Auto vars:     Size  Location     Type
   258 ;;  unit            1    1[COMRAM] unsigned char 
   259 ;; Return value:  Size  Location     Type
   260 ;;		None               void
   261 ;; Registers used:
   262 ;;		wreg
   263 ;; Tracked objects:
   264 ;;		On entry : 0/0
   265 ;;		On exit  : 0/0
   266 ;;		Unchanged: 0/0
   267 ;; Data sizes:     COMRAM   BANK0   BANK1
   268 ;;      Params:         0       0       0
   269 ;;      Locals:         1       0       0
   270 ;;      Temps:          1       0       0
   271 ;;      Totals:         2       0       0
   272 ;;Total ram usage:        2 bytes
   273 ;; Hardware stack levels used:    1
   274 ;; This function calls:
   275 ;;		Nothing
   276 ;; This function is called by:
   277 ;;		_main
   278 ;; This function uses a non-reentrant model
   279 ;;
   280                           
   281                           	psect	text4
   282  001FCE                     __ptext4:
   283                           	opt stack 0
   284  001FCE                     _Delay10KTCYx:
   285                           	opt stack 30
   286                           
   287                           ;incstack = 0
   288                           ;Delay10KTCYx@unit stored from wreg
   289  001FCE  6E02               	movwf	Delay10KTCYx@unit,c
   290  001FD0                     l247:
   291  001FD0  0E0D               	movlw	13
   292  001FD2  6E01               	movwf	??_Delay10KTCYx& (0+255),c
   293  001FD4  0EFC               	movlw	252
   294  001FD6                     u17:
   295  001FD6  2EE8               	decfsz	wreg,f,c
   296  001FD8  D7FE               	goto	u17
   297  001FDA  2E01               	decfsz	??_Delay10KTCYx& (0+255),f,c
   298  001FDC  D7FC               	goto	u17
   299  001FDE  2E02               	decfsz	Delay10KTCYx@unit,f,c
   300  001FE0  D7F7               	goto	l247
   301  001FE2  0012               	return	
   302  001FE4                     __end_of_Delay10KTCYx:
   303                           	opt stack 0
   304  0000                     wreg	equ	0xFE8
   305                           wreg	equ	0xFE8
   306                           
   307                           	psect	rparam
   308  0000                     wreg	equ	0xFE8


Data Sizes:
    Strings     0
    Constant    0
    Data        0
    BSS         0
    Persistent  0
    Stack       0

Auto Spaces:
    Space          Size  Autos    Used
    COMRAM          127      7       7
    BANK0           128      0       0
    BANK1           256      0       0

Pointer List with Targets:

    None.

Critical Paths under _main in COMRAM

    _main->_Delay10KTCYx

Critical Paths under _main in BANK0

    None.

Critical Paths under _main in BANK1

    None.

Call Graph Tables:

 ---------------------------------------------------------------------------------
 (Depth) Function   	        Calls       Base Space   Used Autos Params    Refs
 ---------------------------------------------------------------------------------
 (0) _main                                                 5     0      5      30
                                              2 COMRAM     5     0      5
                       _Delay10KTCYx
                           _closeLED
                            _openLED
                             _setLED
 ---------------------------------------------------------------------------------
 (1) _setLED                                               1     1      0      15
                                              0 COMRAM     1     1      0
 ---------------------------------------------------------------------------------
 (1) _openLED                                              0     0      0       0
 ---------------------------------------------------------------------------------
 (1) _closeLED                                             0     0      0       0
 ---------------------------------------------------------------------------------
 (1) _Delay10KTCYx                                         2     2      0      15
                                              0 COMRAM     2     2      0
 ---------------------------------------------------------------------------------
 Estimated maximum stack depth 1
 ---------------------------------------------------------------------------------

 Call Graph Graphs:

 _main (ROOT)
   _Delay10KTCYx
   _closeLED
   _openLED
   _setLED

 Address spaces:
Name               Size   Autos  Total    Cost      Usage
BITCOMRAM           7F      0       0       0        0.0%
EEDATA             100      0       0       0        0.0%
NULL                 0      0       0       0        0.0%
CODE                 0      0       0       0        0.0%
COMRAM              7F      7       7       1        5.5%
STACK                0      0       0       2        0.0%
BITBANK0            80      0       0       3        0.0%
BANK0               80      0       0       4        0.0%
BITBANK1           100      0       0       5        0.0%
BANK1              100      0       0       6        0.0%
ABS                  0      0       0       7        0.0%
BIGRAM             1FF      0       0       8        0.0%
DATA                 0      0       0       9        0.0%
BITSFR               0      0       0      40        0.0%
SFR                  0      0       0      40        0.0%


Microchip Technology PIC18 Macro Assembler V1.33 build 59893 
Symbol Table                                                                                   Fri Jan 23 13:33:22 2015

                     u17 1FD6              __CFG_BOR$ON 000000             __CFG_CP0$OFF 000000  
           __CFG_CP1$OFF 000000             __CFG_CP2$OFF 000000             __CFG_CP3$OFF 000000  
            __CFG_OSC$HS 000000                      l247 1FD0                      l616 1FE8  
           __CFG_CPB$OFF 000000             __CFG_CPD$OFF 000000             __CFG_BORV$42 000000  
                    wreg 000FE8             __CFG_LVP$OFF 000000             __CFG_WDT$OFF 000000  
                   _DDRD 000F95                     _LATD 000F8C             __CFG_PWRT$ON 000000  
                   _main 1FE4                     start 0000            __CFG_PBAD$DIG 000000  
          __CFG_FSCM$OFF 000000            __CFG_IESO$OFF 000000            __CFG_MCLRE$ON 000000  
         __CFG_CCP2MX$ON 000000                    ?_main 0003           __CFG_DEBUG$OFF 000000  
  __size_of_Delay10KTCYx 0016            __CFG_WRT0$OFF 000000            __CFG_WRT1$OFF 000000  
          __CFG_WRT2$OFF 000000            __CFG_WRT3$OFF 000000           __CFG_EBTR0$OFF 000000  
         __CFG_EBTR1$OFF 000000           __CFG_EBTR2$OFF 000000           __CFG_EBTR3$OFF 000000  
          __CFG_STVR$OFF 000000            __CFG_WRTB$OFF 000000            __CFG_WRTC$OFF 000000  
          __CFG_WRTD$OFF 000000           __CFG_EBTRB$OFF 000000          __end_of_openLED 1FC0  
        __initialization 1FC0             __end_of_main 2000             _Delay10KTCYx 1FCE  
                 ??_main 0008            __activetblptr 000000         __end_of_closeLED 1FBA  
                 _setLED 1FC6              setLED@value 0001                ??_openLED 0001  
             __accesstop 0080  __end_of__initialization 1FC0           __pcstackCOMRAM 0001  
                ?_setLED 0001                ?_closeLED 0001                  __Hparam 0000  
                __Lparam 0000                  __pcinit 1FC0          __size_of_setLED 0008  
                __ramtop 0200                  __ptext0 1FE4                  __ptext1 1FC6  
                __ptext2 1FBA                  __ptext3 1FB4                  __ptext4 1FCE  
                _openLED 1FBA               ??_closeLED 0001     end_of_initialization 1FC0  
         __end_of_setLED 1FCE      start_initialization 1FC0                 ??_setLED 0001  
      __size_of_closeLED 0006            ?_Delay10KTCYx 0001                 ?_openLED 0001  
         ??_Delay10KTCYx 0001         Delay10KTCYx@unit 0002                 __Hrparam 0000  
               __Lrparam 0000         __size_of_openLED 0006                 _closeLED 1FB4  
          __size_of_main 001C                 main@argc 0003                 main@argv 0005  
   __end_of_Delay10KTCYx 1FE4  
