

Microchip Technology PIC18 LITE Macro Assembler V1.33 build 59893 
                                                                                               Fri Jan 30 13:05:07 2015

Microchip Technology Omniscient Code Generator (Lite mode) build 59893
     1                           	processor	18F4320
     2                           	fnconf	rparam,??,?,0
     3                           	opt	pw 120
     4                           	opt	lm
     5                           	psect	intcode_body,global,reloc=2,class=CODE,delta=1
     6                           	psect	cinit,global,reloc=2,class=CODE,delta=1
     7                           	psect	bssCOMRAM,global,class=COMRAM,space=1,delta=1
     8                           	psect	cstackCOMRAM,global,class=COMRAM,space=1,delta=1
     9                           	psect	text0,global,reloc=2,class=CODE,delta=1
    10                           	psect	text1,global,reloc=2,class=CODE,delta=1
    11                           	psect	text2,global,reloc=2,class=CODE,delta=1
    12                           	psect	text3,global,reloc=2,class=CODE,delta=1
    13                           	psect	text4,global,reloc=2,class=CODE,delta=1
    14                           	psect	text5,global,reloc=2,class=CODE,delta=1
    15                           	psect	text6,global,reloc=2,class=CODE,delta=1
    16                           	psect	text7,global,reloc=2,class=CODE,delta=1
    17                           	psect	intcodelo,global,reloc=2,class=CODE,delta=1
    18                           	psect	intcode,global,reloc=2,class=CODE,delta=1
    19                           	psect	intsave_regs,global,class=BIGRAM,space=1,delta=1
    20                           	psect	rparam,global,class=COMRAM,space=1,delta=1
    21  0000                     _DDRD	set	3989
    22  0000                     _INTCONbits	set	4082
    23  0000                     _IPR2bits	set	4002
    24  0000                     _LATD	set	3980
    25  0000                     _PIE2bits	set	4000
    26  0000                     _PIR2bits	set	4001
    27  0000                     _RCONbits	set	4048
    28  0000                     _T3CON	set	4017
    29  0000                     _T3CONbits	set	4017
    30  0000                     _TMR3H	set	4019
    31  0000                     _TMR3L	set	4018
    32                           
    33                           	psect	intcode_body
    34  000148                     __pintcode_body:
    35                           	opt stack 0
    36                           
    37                           ; #config settings
    38  000148                     int_func:
    39                           	opt stack 27
    40  000148  CFEA F004          	movff	fsr0h,??_highISR+3
    41  00014C  CFE1 F005          	movff	fsr1l,??_highISR+4
    42  000150  CFE2 F006          	movff	fsr1h,??_highISR+5
    43  000154  CFD9 F007          	movff	fsr2l,??_highISR+6
    44  000158  CFDA F008          	movff	fsr2h,??_highISR+7
    45  00015C  CFF3 F009          	movff	prodl,??_highISR+8
    46  000160  CFF4 F00A          	movff	prodh,??_highISR+9
    47  000164  CFF6 F00B          	movff	tblptrl,??_highISR+10
    48  000168  CFF7 F00C          	movff	tblptrh,??_highISR+11
    49  00016C  CFF8 F00D          	movff	tblptru,??_highISR+12
    50  000170  CFF5 F00E          	movff	tablat,??_highISR+13
    51                           
    52                           ;clock.h: 26: if (1 == PIR2bits.TMR3IF) {
    53  000174  A2A1               	btfss	4001,1,c	;volatile
    54  000176  D002               	goto	i2l722
    55                           
    56                           ;clock.h: 27: tick_units++;
    57  000178  4A31               	infsnz	_tick_units,f,c	;volatile
    58  00017A  2A32               	incf	_tick_units+1,f,c	;volatile
    59  00017C                     i2l722:
    60                           
    61                           ;clock.h: 28: }
    62                           ;clock.h: 29: PIR2bits.TMR3IF = 0;
    63  00017C  92A1               	bcf	4001,1,c	;volatile
    64  00017E  C00E  FFF5         	movff	??_highISR+13,tablat
    65  000182  C00D  FFF8         	movff	??_highISR+12,tblptru
    66  000186  C00C  FFF7         	movff	??_highISR+11,tblptrh
    67  00018A  C00B  FFF6         	movff	??_highISR+10,tblptrl
    68  00018E  C00A  FFF4         	movff	??_highISR+9,prodh
    69  000192  C009  FFF3         	movff	??_highISR+8,prodl
    70  000196  C008  FFDA         	movff	??_highISR+7,fsr2h
    71  00019A  C007  FFD9         	movff	??_highISR+6,fsr2l
    72  00019E  C006  FFE2         	movff	??_highISR+5,fsr1h
    73  0001A2  C005  FFE1         	movff	??_highISR+4,fsr1l
    74  0001A6  C004  FFEA         	movff	??_highISR+3,fsr0h
    75  0001AA  C003  FFE9         	movff	??_highISR+2,fsr0l
    76  0001AE  C002  FFFB         	movff	??_highISR+1,pclatu
    77  0001B2  C001  FFFA         	movff	??_highISR,pclath
    78  0001B6  0011               	retfie		f
    79  0001B8                     __end_of_highISR:
    80                           	opt stack 0
    81  0000                     pclatu	equ	0xFFB
    82                           pclath	equ	0xFFA
    83                           tblptru	equ	0xFF8
    84                           tblptrh	equ	0xFF7
    85                           tblptrl	equ	0xFF6
    86                           tablat	equ	0xFF5
    87                           prodh	equ	0xFF4
    88                           prodl	equ	0xFF3
    89                           fsr0h	equ	0xFEA
    90                           fsr0l	equ	0xFE9
    91                           fsr1h	equ	0xFE2
    92                           fsr1l	equ	0xFE1
    93                           fsr2h	equ	0xFDA
    94                           fsr2l	equ	0xFD9
    95                           
    96                           	psect	cinit
    97  000214                     __pcinit:
    98                           	opt stack 0
    99  000214                     start_initialization:
   100                           	opt stack 0
   101  000214                     __initialization:
   102                           	opt stack 0
   103                           
   104                           ; Clear objects allocated to COMRAM (2 bytes)
   105  000214  6A32               	clrf	(__pbssCOMRAM+1)& (0+255),c
   106  000216  6A31               	clrf	__pbssCOMRAM& (0+255),c
   107  000218                     end_of_initialization:
   108                           	opt stack 0
   109  000218                     __end_of__initialization:
   110                           	opt stack 0
   111  000218  0100               	movlb	0
   112  00021A  EF53  F000         	goto	_main	;jump to C main() function
   113                           pclatu	equ	0xFFB
   114                           pclath	equ	0xFFA
   115                           tblptru	equ	0xFF8
   116                           tblptrh	equ	0xFF7
   117                           tblptrl	equ	0xFF6
   118                           tablat	equ	0xFF5
   119                           prodh	equ	0xFF4
   120                           prodl	equ	0xFF3
   121                           fsr0h	equ	0xFEA
   122                           fsr0l	equ	0xFE9
   123                           fsr1h	equ	0xFE2
   124                           fsr1l	equ	0xFE1
   125                           fsr2h	equ	0xFDA
   126                           fsr2l	equ	0xFD9
   127                           
   128                           	psect	bssCOMRAM
   129  000031                     __pbssCOMRAM:
   130                           	opt stack 0
   131  000031                     _tick_units:
   132                           	opt stack 0
   133  000031                     	ds	2
   134                           pclatu	equ	0xFFB
   135                           pclath	equ	0xFFA
   136                           tblptru	equ	0xFF8
   137                           tblptrh	equ	0xFF7
   138                           tblptrl	equ	0xFF6
   139                           tablat	equ	0xFF5
   140                           prodh	equ	0xFF4
   141                           prodl	equ	0xFF3
   142                           fsr0h	equ	0xFEA
   143                           fsr0l	equ	0xFE9
   144                           fsr1h	equ	0xFE2
   145                           fsr1l	equ	0xFE1
   146                           fsr2h	equ	0xFDA
   147                           fsr2l	equ	0xFD9
   148                           
   149                           	psect	cstackCOMRAM
   150  000001                     __pcstackCOMRAM:
   151                           	opt stack 0
   152  000001                     ??_highISR:
   153  000001                     
   154                           ; 0 bytes @ 0x0
   155  000001                     	ds	14
   156  00000F                     ??_lowISR:
   157                           
   158                           ; 0 bytes @ 0xE
   159  00000F                     	ds	17
   160  000020                     ??_Delay10KTCYx:
   161  000020                     ?_GetClock:
   162                           	opt stack 0
   163  000020                     setLED@value:
   164                           	opt stack 0
   165  000020                     OpenTimer3@config:
   166                           	opt stack 0
   167                           
   168                           ; 1 bytes @ 0x1F
   169  000020                     	ds	1
   170  000021                     Delay10KTCYx@unit:
   171                           	opt stack 0
   172                           
   173                           ; 1 bytes @ 0x20
   174  000021                     	ds	1
   175  000022                     delay_s@x:
   176                           	opt stack 0
   177                           
   178                           ; 2 bytes @ 0x21
   179  000022                     	ds	2
   180  000024                     
   181                           ; 2 bytes @ 0x23
   182  000024                     	ds	2
   183  000026                     
   184                           ; 3 bytes @ 0x25
   185  000026                     	ds	3
   186  000029                     ??_main:
   187                           
   188                           ; 0 bytes @ 0x28
   189  000029                     	ds	2
   190  00002B                     main@ticks:
   191                           	opt stack 0
   192                           
   193                           ; 2 bytes @ 0x2A
   194  00002B                     	ds	2
   195  00002D                     main@i:
   196                           	opt stack 0
   197                           
   198                           ; 2 bytes @ 0x2C
   199  00002D                     	ds	2
   200  00002F                     main@i_295:
   201                           	opt stack 0
   202                           
   203                           ; 2 bytes @ 0x2E
   204  00002F                     	ds	2
   205                           pclatu	equ	0xFFB
   206                           pclath	equ	0xFFA
   207                           tblptru	equ	0xFF8
   208                           tblptrh	equ	0xFF7
   209                           tblptrl	equ	0xFF6
   210                           tablat	equ	0xFF5
   211                           prodh	equ	0xFF4
   212                           prodl	equ	0xFF3
   213                           fsr0h	equ	0xFEA
   214                           fsr0l	equ	0xFE9
   215                           fsr1h	equ	0xFE2
   216                           fsr1l	equ	0xFE1
   217                           fsr2h	equ	0xFDA
   218                           fsr2l	equ	0xFD9
   219                           
   220 ;;
   221 ;;Main: autosize = 0, tempsize = 2, incstack = 0, save=0
   222 ;;
   223 ;; *************** function _main *****************
   224 ;; Defined at:
   225 ;;		line 23 in file "Lab3Main.c"
   226 ;; Parameters:    Size  Location     Type
   227 ;;  argc            2   35[COMRAM] int 
   228 ;;  argv            3   37[COMRAM] PTR PTR unsigned char 
   229 ;; Auto vars:     Size  Location     Type
   230 ;;  i               2   46[COMRAM] int 
   231 ;;  i               2   44[COMRAM] int 
   232 ;;  ticks           2   42[COMRAM] unsigned int 
   233 ;; Return value:  Size  Location     Type
   234 ;;                  2   35[COMRAM] int 
   235 ;; Registers used:
   236 ;;		wreg, status,2, status,0, prodl, prodh, cstack
   237 ;; Tracked objects:
   238 ;;		On entry : 0/0
   239 ;;		On exit  : 0/0
   240 ;;		Unchanged: 0/0
   241 ;; Data sizes:     COMRAM   BANK0   BANK1
   242 ;;      Params:         5       0       0
   243 ;;      Locals:         6       0       0
   244 ;;      Temps:          2       0       0
   245 ;;      Totals:        13       0       0
   246 ;;Total ram usage:       13 bytes
   247 ;; Hardware stack levels required when called:    4
   248 ;; This function calls:
   249 ;;		_GetClock
   250 ;;		_OpenClock
   251 ;;		_delay_s
   252 ;;		_openLED
   253 ;;		_setLED
   254 ;; This function is called by:
   255 ;;		Startup code after reset
   256 ;; This function uses a non-reentrant model
   257 ;;
   258                           
   259                           	psect	text0
   260  0000A6                     __ptext0:
   261                           	opt stack 0
   262  0000A6                     _main:
   263                           	opt stack 27
   264                           
   265                           ;Lab3Main.c: 26: openLED();
   266                           
   267                           ;incstack = 0
   268  0000A6  EC18  F001         	call	_openLED	;wreg free
   269                           
   270                           ;Lab3Main.c: 27: OpenClock();
   271  0000AA  ECFC  F000         	call	_OpenClock	;wreg free
   272                           
   273                           ;Lab3Main.c: 29: unsigned int ticks = 0;
   274  0000AE  0E00               	movlw	0
   275  0000B0  6E2C               	movwf	main@ticks+1,c
   276  0000B2  0E00               	movlw	0
   277  0000B4  6E2B               	movwf	main@ticks,c
   278  0000B6                     l734:
   279                           
   280                           ;Lab3Main.c: 33: for (int i = 0; i < 30000; i++) {
   281  0000B6  0E00               	movlw	0
   282  0000B8  6E2E               	movwf	main@i+1,c
   283  0000BA  0E00               	movlw	0
   284  0000BC  6E2D               	movwf	main@i,c
   285  0000BE  502E               	movf	main@i+1,w,c
   286  0000C0  0A80               	xorlw	128
   287  0000C2  0F0B               	addlw	-245
   288  0000C4  0E30               	movlw	48
   289  0000C6  B4D8               	btfsc	status,2,c
   290  0000C8  5C2D               	subwf	main@i,w,c
   291  0000CA  B0D8               	btfsc	status,0,c
   292  0000CC  D01C               	goto	l752
   293                           
   294                           ;Lab3Main.c: 34: ticks = GetClock();
   295  0000CE  EC0F  F001         	call	_GetClock	;wreg free
   296  0000D2  C020  F02B         	movff	?_GetClock,main@ticks
   297  0000D6  C021  F02C         	movff	?_GetClock+1,main@ticks+1
   298                           
   299                           ;Lab3Main.c: 35: if ((ticks % 16) < 8) {
   300  0000DA  0E0F               	movlw	15
   301  0000DC  142B               	andwf	main@ticks,w,c
   302  0000DE  6E29               	movwf	??_main& (0+255),c
   303  0000E0  0E00               	movlw	0
   304  0000E2  142C               	andwf	main@ticks+1,w,c
   305  0000E4  6E2A               	movwf	(??_main+1)& (0+255),c
   306  0000E6  0E08               	movlw	8
   307  0000E8  5C29               	subwf	??_main,w,c
   308  0000EA  0E00               	movlw	0
   309  0000EC  582A               	subwfb	??_main+1,w,c
   310  0000EE  B0D8               	btfsc	status,0,c
   311  0000F0  D004               	goto	l746
   312                           
   313                           ;Lab3Main.c: 36: setLED(0b01010101);
   314  0000F2  0E55               	movlw	85
   315  0000F4  EC14  F001         	call	_setLED
   316                           
   317                           ;Lab3Main.c: 37: } else {
   318  0000F8  D003               	goto	l748
   319  0000FA                     l746:
   320                           
   321                           ;Lab3Main.c: 38: setLED(0b10101010);
   322  0000FA  0EAA               	movlw	170
   323  0000FC  EC14  F001         	call	_setLED
   324  000100                     l748:
   325  000100  4A2D               	infsnz	main@i,f,c
   326  000102  2A2E               	incf	main@i+1,f,c
   327  000104  D7DC               	goto	L1
   328  000106                     l752:
   329                           
   330                           ;Lab3Main.c: 39: }
   331                           ;Lab3Main.c: 40: }
   332                           ;Lab3Main.c: 43: for (int i = 0; i < 4; i++) {
   333  000106  0E00               	movlw	0
   334  000108  6E30               	movwf	main@i_295+1,c
   335  00010A  0E00               	movlw	0
   336  00010C  6E2F               	movwf	main@i_295,c
   337  00010E  5030               	movf	main@i_295+1,w,c
   338  000110  0A80               	xorlw	128
   339  000112  0F80               	addlw	-128
   340  000114  0E04               	movlw	4
   341  000116  B4D8               	btfsc	status,2,c
   342  000118  5C2F               	subwf	main@i_295,w,c
   343  00011A  B0D8               	btfsc	status,0,c
   344  00011C  D7CC               	goto	l734
   345                           
   346                           ;Lab3Main.c: 44: setLED(0b00001111);
   347  00011E  0E0F               	movlw	15
   348  000120  EC14  F001         	call	_setLED
   349                           
   350                           ;Lab3Main.c: 45: delay_s(1);
   351  000124  0E00               	movlw	0
   352  000126  6E23               	movwf	delay_s@x+1,c
   353  000128  0E01               	movlw	1
   354  00012A  6E22               	movwf	delay_s@x,c
   355  00012C  EC04  F001         	call	_delay_s	;wreg free
   356                           
   357                           ;Lab3Main.c: 46: setLED(0b11110000);
   358  000130  0EF0               	movlw	240
   359  000132  EC14  F001         	call	_setLED
   360                           
   361                           ;Lab3Main.c: 47: delay_s(1);
   362  000136  0E00               	movlw	0
   363  000138  6E23               	movwf	delay_s@x+1,c
   364  00013A  0E01               	movlw	1
   365  00013C  6E22               	movwf	delay_s@x,c
   366  00013E  EC04  F001         	call	_delay_s	;wreg free
   367  000142  4A2F               	infsnz	main@i_295,f,c
   368  000144  2A30               	incf	main@i_295+1,f,c
   369  000146  D7E3               	goto	L2
   370  000148                     __end_of_main:
   371                           	opt stack 0
   372                           pclatu	equ	0xFFB
   373                           pclath	equ	0xFFA
   374                           tblptru	equ	0xFF8
   375                           tblptrh	equ	0xFF7
   376                           tblptrl	equ	0xFF6
   377                           tablat	equ	0xFF5
   378                           prodh	equ	0xFF4
   379                           prodl	equ	0xFF3
   380                           fsr0h	equ	0xFEA
   381                           fsr0l	equ	0xFE9
   382                           fsr1h	equ	0xFE2
   383                           fsr1l	equ	0xFE1
   384                           fsr2h	equ	0xFDA
   385                           fsr2l	equ	0xFD9
   386                           status	equ	0xFD8
   387                           
   388 ;; *************** function _setLED *****************
   389 ;; Defined at:
   390 ;;		line 47 in file "led.h"
   391 ;; Parameters:    Size  Location     Type
   392 ;;  value           1    wreg     unsigned char 
   393 ;; Auto vars:     Size  Location     Type
   394 ;;  value           1   31[COMRAM] unsigned char 
   395 ;; Return value:  Size  Location     Type
   396 ;;		None               void
   397 ;; Registers used:
   398 ;;		wreg
   399 ;; Tracked objects:
   400 ;;		On entry : 0/0
   401 ;;		On exit  : 0/0
   402 ;;		Unchanged: 0/0
   403 ;; Data sizes:     COMRAM   BANK0   BANK1
   404 ;;      Params:         0       0       0
   405 ;;      Locals:         1       0       0
   406 ;;      Temps:          0       0       0
   407 ;;      Totals:         1       0       0
   408 ;;Total ram usage:        1 bytes
   409 ;; Hardware stack levels used:    1
   410 ;; Hardware stack levels required when called:    2
   411 ;; This function calls:
   412 ;;		Nothing
   413 ;; This function is called by:
   414 ;;		_main
   415 ;; This function uses a non-reentrant model
   416 ;;
   417                           
   418                           	psect	text1
   419  000228                     __ptext1:
   420                           	opt stack 0
   421  000228                     _setLED:
   422                           	opt stack 28
   423                           
   424                           ;incstack = 0
   425                           ;setLED@value stored from wreg
   426  000228  6E20               	movwf	setLED@value,c
   427                           
   428                           ;led.h: 48: LATD = value;
   429  00022A  C020  FF8C         	movff	setLED@value,3980	;volatile
   430  00022E  0012               	return	
   431  000230                     __end_of_setLED:
   432                           	opt stack 0
   433                           pclatu	equ	0xFFB
   434                           pclath	equ	0xFFA
   435                           tblptru	equ	0xFF8
   436                           tblptrh	equ	0xFF7
   437                           tblptrl	equ	0xFF6
   438                           tablat	equ	0xFF5
   439                           prodh	equ	0xFF4
   440                           prodl	equ	0xFF3
   441                           fsr0h	equ	0xFEA
   442                           fsr0l	equ	0xFE9
   443                           fsr1h	equ	0xFE2
   444                           fsr1l	equ	0xFE1
   445                           fsr2h	equ	0xFDA
   446                           fsr2l	equ	0xFD9
   447                           status	equ	0xFD8
   448                           
   449 ;; *************** function _openLED *****************
   450 ;; Defined at:
   451 ;;		line 28 in file "led.h"
   452 ;; Parameters:    Size  Location     Type
   453 ;;		None
   454 ;; Auto vars:     Size  Location     Type
   455 ;;		None
   456 ;; Return value:  Size  Location     Type
   457 ;;		None               void
   458 ;; Registers used:
   459 ;;		wreg, status,2
   460 ;; Tracked objects:
   461 ;;		On entry : 0/0
   462 ;;		On exit  : 0/0
   463 ;;		Unchanged: 0/0
   464 ;; Data sizes:     COMRAM   BANK0   BANK1
   465 ;;      Params:         0       0       0
   466 ;;      Locals:         0       0       0
   467 ;;      Temps:          0       0       0
   468 ;;      Totals:         0       0       0
   469 ;;Total ram usage:        0 bytes
   470 ;; Hardware stack levels used:    1
   471 ;; Hardware stack levels required when called:    2
   472 ;; This function calls:
   473 ;;		Nothing
   474 ;; This function is called by:
   475 ;;		_main
   476 ;; This function uses a non-reentrant model
   477 ;;
   478                           
   479                           	psect	text2
   480  000230                     __ptext2:
   481                           	opt stack 0
   482  000230                     _openLED:
   483                           	opt stack 28
   484                           
   485                           ;led.h: 30: DDRD = 0;
   486                           
   487                           ;incstack = 0
   488  000230  0E00               	movlw	0
   489  000232  6E95               	movwf	3989,c	;volatile
   490  000234  0012               	return	
   491  000236                     __end_of_openLED:
   492                           	opt stack 0
   493                           pclatu	equ	0xFFB
   494                           pclath	equ	0xFFA
   495                           tblptru	equ	0xFF8
   496                           tblptrh	equ	0xFF7
   497                           tblptrl	equ	0xFF6
   498                           tablat	equ	0xFF5
   499                           prodh	equ	0xFF4
   500                           prodl	equ	0xFF3
   501                           fsr0h	equ	0xFEA
   502                           fsr0l	equ	0xFE9
   503                           fsr1h	equ	0xFE2
   504                           fsr1l	equ	0xFE1
   505                           fsr2h	equ	0xFDA
   506                           fsr2l	equ	0xFD9
   507                           status	equ	0xFD8
   508                           
   509 ;; *************** function _delay_s *****************
   510 ;; Defined at:
   511 ;;		line 22 in file "delay.h"
   512 ;; Parameters:    Size  Location     Type
   513 ;;  x               2   33[COMRAM] unsigned int 
   514 ;; Auto vars:     Size  Location     Type
   515 ;;		None
   516 ;; Return value:  Size  Location     Type
   517 ;;		None               void
   518 ;; Registers used:
   519 ;;		wreg, status,2, status,0, prodl, prodh, cstack
   520 ;; Tracked objects:
   521 ;;		On entry : 0/0
   522 ;;		On exit  : 0/0
   523 ;;		Unchanged: 0/0
   524 ;; Data sizes:     COMRAM   BANK0   BANK1
   525 ;;      Params:         2       0       0
   526 ;;      Locals:         0       0       0
   527 ;;      Temps:          0       0       0
   528 ;;      Totals:         2       0       0
   529 ;;Total ram usage:        2 bytes
   530 ;; Hardware stack levels used:    1
   531 ;; Hardware stack levels required when called:    3
   532 ;; This function calls:
   533 ;;		_Delay10KTCYx
   534 ;; This function is called by:
   535 ;;		_main
   536 ;; This function uses a non-reentrant model
   537 ;;
   538                           
   539                           	psect	text3
   540  000208                     __ptext3:
   541                           	opt stack 0
   542  000208                     _delay_s:
   543                           	opt stack 27
   544                           
   545                           ;delay.h: 23: Delay10KTCYx(x * 100);
   546                           
   547                           ;incstack = 0
   548  000208  5022               	movf	delay_s@x,w,c
   549  00020A  0D64               	mullw	100
   550  00020C  50F3               	movf	prodl,w,c
   551  00020E  ECF1  F000         	call	_Delay10KTCYx
   552  000212  0012               	return	
   553  000214                     __end_of_delay_s:
   554                           	opt stack 0
   555                           pclatu	equ	0xFFB
   556                           pclath	equ	0xFFA
   557                           tblptru	equ	0xFF8
   558                           tblptrh	equ	0xFF7
   559                           tblptrl	equ	0xFF6
   560                           tablat	equ	0xFF5
   561                           prodh	equ	0xFF4
   562                           prodl	equ	0xFF3
   563                           fsr0h	equ	0xFEA
   564                           fsr0l	equ	0xFE9
   565                           fsr1h	equ	0xFE2
   566                           fsr1l	equ	0xFE1
   567                           fsr2h	equ	0xFDA
   568                           fsr2l	equ	0xFD9
   569                           status	equ	0xFD8
   570                           
   571 ;; *************** function _Delay10KTCYx *****************
   572 ;; Defined at:
   573 ;;		line 8 in file "C:\Program Files (x86)\Microchip\xc8\v1.33\sources\pic18\d10ktcyx.c"
   574 ;; Parameters:    Size  Location     Type
   575 ;;  unit            1    wreg     unsigned char 
   576 ;; Auto vars:     Size  Location     Type
   577 ;;  unit            1   32[COMRAM] unsigned char 
   578 ;; Return value:  Size  Location     Type
   579 ;;		None               void
   580 ;; Registers used:
   581 ;;		wreg
   582 ;; Tracked objects:
   583 ;;		On entry : 0/0
   584 ;;		On exit  : 0/0
   585 ;;		Unchanged: 0/0
   586 ;; Data sizes:     COMRAM   BANK0   BANK1
   587 ;;      Params:         0       0       0
   588 ;;      Locals:         1       0       0
   589 ;;      Temps:          1       0       0
   590 ;;      Totals:         2       0       0
   591 ;;Total ram usage:        2 bytes
   592 ;; Hardware stack levels used:    1
   593 ;; Hardware stack levels required when called:    2
   594 ;; This function calls:
   595 ;;		Nothing
   596 ;; This function is called by:
   597 ;;		_delay_s
   598 ;;		_delay_ms
   599 ;; This function uses a non-reentrant model
   600 ;;
   601                           
   602                           	psect	text4
   603  0001E2                     __ptext4:
   604                           	opt stack 0
   605  0001E2                     _Delay10KTCYx:
   606                           	opt stack 27
   607                           
   608                           ;incstack = 0
   609                           ;Delay10KTCYx@unit stored from wreg
   610  0001E2  6E21               	movwf	Delay10KTCYx@unit,c
   611  0001E4                     l315:
   612  0001E4  0E0D               	movlw	13
   613  0001E6  6E20               	movwf	??_Delay10KTCYx& (0+255),c
   614  0001E8  0EFC               	movlw	252
   615  0001EA                     u97:
   616  0001EA  2EE8               	decfsz	wreg,f,c
   617  0001EC  D7FE               	goto	u97
   618  0001EE  2E20               	decfsz	??_Delay10KTCYx& (0+255),f,c
   619  0001F0  D7FC               	goto	u97
   620  0001F2  2E21               	decfsz	Delay10KTCYx@unit,f,c
   621  0001F4  D7F7               	goto	l315
   622  0001F6  0012               	return	
   623  0001F8                     __end_of_Delay10KTCYx:
   624                           	opt stack 0
   625                           pclatu	equ	0xFFB
   626                           pclath	equ	0xFFA
   627                           tblptru	equ	0xFF8
   628                           tblptrh	equ	0xFF7
   629                           tblptrl	equ	0xFF6
   630                           tablat	equ	0xFF5
   631                           prodh	equ	0xFF4
   632                           prodl	equ	0xFF3
   633                           fsr0h	equ	0xFEA
   634                           fsr0l	equ	0xFE9
   635                           wreg	equ	0xFE8
   636                           fsr1h	equ	0xFE2
   637                           fsr1l	equ	0xFE1
   638                           fsr2h	equ	0xFDA
   639                           fsr2l	equ	0xFD9
   640                           status	equ	0xFD8
   641                           
   642 ;; *************** function _OpenClock *****************
   643 ;; Defined at:
   644 ;;		line 45 in file "clock.h"
   645 ;; Parameters:    Size  Location     Type
   646 ;;		None
   647 ;; Auto vars:     Size  Location     Type
   648 ;;		None
   649 ;; Return value:  Size  Location     Type
   650 ;;		None               void
   651 ;; Registers used:
   652 ;;		wreg, status,2, status,0, cstack
   653 ;; Tracked objects:
   654 ;;		On entry : 0/0
   655 ;;		On exit  : 0/0
   656 ;;		Unchanged: 0/0
   657 ;; Data sizes:     COMRAM   BANK0   BANK1
   658 ;;      Params:         0       0       0
   659 ;;      Locals:         0       0       0
   660 ;;      Temps:          0       0       0
   661 ;;      Totals:         0       0       0
   662 ;;Total ram usage:        0 bytes
   663 ;; Hardware stack levels used:    1
   664 ;; Hardware stack levels required when called:    3
   665 ;; This function calls:
   666 ;;		_OpenTimer3
   667 ;; This function is called by:
   668 ;;		_main
   669 ;; This function uses a non-reentrant model
   670 ;;
   671                           
   672                           	psect	text5
   673  0001F8                     __ptext5:
   674                           	opt stack 0
   675  0001F8                     _OpenClock:
   676                           	opt stack 27
   677                           
   678                           ;clock.h: 47: OpenTimer3(0b11111111 &
   679                           ;clock.h: 48: 0b11111111 &
   680                           ;clock.h: 49: 0b11111101 &
   681                           ;clock.h: 50: 0b11001111 &
   682                           ;clock.h: 51: 0b11111111);
   683                           
   684                           ;incstack = 0
   685  0001F8  0ECD               	movlw	205
   686  0001FA  ECDC  F000         	call	_OpenTimer3
   687                           
   688                           ;clock.h: 54: RCONbits.IPEN = 1;
   689  0001FE  8ED0               	bsf	4048,7,c	;volatile
   690                           
   691                           ;clock.h: 55: INTCONbits.GIEL = 1;
   692  000200  8CF2               	bsf	intcon,6,c	;volatile
   693                           
   694                           ;clock.h: 56: INTCONbits.GIEH = 1;
   695  000202  8EF2               	bsf	intcon,7,c	;volatile
   696                           
   697                           ;clock.h: 58: IPR2bits.TMR3IP = 1;
   698  000204  82A2               	bsf	4002,1,c	;volatile
   699  000206  0012               	return	
   700  000208                     __end_of_OpenClock:
   701                           	opt stack 0
   702                           pclatu	equ	0xFFB
   703                           pclath	equ	0xFFA
   704                           tblptru	equ	0xFF8
   705                           tblptrh	equ	0xFF7
   706                           tblptrl	equ	0xFF6
   707                           tablat	equ	0xFF5
   708                           prodh	equ	0xFF4
   709                           prodl	equ	0xFF3
   710                           intcon	equ	0xFF2
   711                           fsr0h	equ	0xFEA
   712                           fsr0l	equ	0xFE9
   713                           wreg	equ	0xFE8
   714                           fsr1h	equ	0xFE2
   715                           fsr1l	equ	0xFE1
   716                           fsr2h	equ	0xFDA
   717                           fsr2l	equ	0xFD9
   718                           status	equ	0xFD8
   719                           
   720 ;; *************** function _OpenTimer3 *****************
   721 ;; Defined at:
   722 ;;		line 29 in file "C:\Program Files (x86)\Microchip\xc8\v1.33\sources\pic18\plib\Timers\t3open.c"
   723 ;; Parameters:    Size  Location     Type
   724 ;;  config          1    wreg     unsigned char 
   725 ;; Auto vars:     Size  Location     Type
   726 ;;  config          1   31[COMRAM] unsigned char 
   727 ;; Return value:  Size  Location     Type
   728 ;;		None               void
   729 ;; Registers used:
   730 ;;		wreg, status,2, status,0
   731 ;; Tracked objects:
   732 ;;		On entry : 0/0
   733 ;;		On exit  : 0/0
   734 ;;		Unchanged: 0/0
   735 ;; Data sizes:     COMRAM   BANK0   BANK1
   736 ;;      Params:         0       0       0
   737 ;;      Locals:         1       0       0
   738 ;;      Temps:          0       0       0
   739 ;;      Totals:         1       0       0
   740 ;;Total ram usage:        1 bytes
   741 ;; Hardware stack levels used:    1
   742 ;; Hardware stack levels required when called:    2
   743 ;; This function calls:
   744 ;;		Nothing
   745 ;; This function is called by:
   746 ;;		_OpenClock
   747 ;; This function uses a non-reentrant model
   748 ;;
   749                           
   750                           	psect	text6
   751  0001B8                     __ptext6:
   752                           	opt stack 0
   753  0001B8                     _OpenTimer3:
   754                           	opt stack 27
   755                           
   756                           ;incstack = 0
   757                           ;OpenTimer3@config stored from wreg
   758  0001B8  6E20               	movwf	OpenTimer3@config,c
   759  0001BA  5020               	movf	OpenTimer3@config,w,c
   760  0001BC  0B36               	andlw	54
   761  0001BE  6EB1               	movwf	4017,c	;volatile
   762  0001C0  0E00               	movlw	0
   763  0001C2  6EB3               	movwf	4019,c	;volatile
   764  0001C4  0E00               	movlw	0
   765  0001C6  6EB2               	movwf	4018,c	;volatile
   766  0001C8  92A1               	bcf	4001,1,c	;volatile
   767  0001CA  AE20               	btfss	OpenTimer3@config,7,c
   768  0001CC  D002               	goto	l85
   769  0001CE  82A0               	bsf	4000,1,c	;volatile
   770  0001D0  D001               	goto	l86
   771  0001D2                     l85:
   772  0001D2  92A0               	bcf	4000,1,c	;volatile
   773  0001D4                     l86:
   774  0001D4  A020               	btfss	OpenTimer3@config,0,c
   775  0001D6  D002               	goto	l87
   776  0001D8  8EB1               	bsf	4017,7,c	;volatile
   777  0001DA  D001               	goto	l88
   778  0001DC                     l87:
   779  0001DC  9EB1               	bcf	4017,7,c	;volatile
   780  0001DE                     l88:
   781  0001DE  80B1               	bsf	4017,0,c	;volatile
   782  0001E0  0012               	return	
   783  0001E2                     __end_of_OpenTimer3:
   784                           	opt stack 0
   785                           pclatu	equ	0xFFB
   786                           pclath	equ	0xFFA
   787                           tblptru	equ	0xFF8
   788                           tblptrh	equ	0xFF7
   789                           tblptrl	equ	0xFF6
   790                           tablat	equ	0xFF5
   791                           prodh	equ	0xFF4
   792                           prodl	equ	0xFF3
   793                           intcon	equ	0xFF2
   794                           fsr0h	equ	0xFEA
   795                           fsr0l	equ	0xFE9
   796                           wreg	equ	0xFE8
   797                           fsr1h	equ	0xFE2
   798                           fsr1l	equ	0xFE1
   799                           fsr2h	equ	0xFDA
   800                           fsr2l	equ	0xFD9
   801                           status	equ	0xFD8
   802                           
   803 ;; *************** function _GetClock *****************
   804 ;; Defined at:
   805 ;;		line 78 in file "clock.h"
   806 ;; Parameters:    Size  Location     Type
   807 ;;		None
   808 ;; Auto vars:     Size  Location     Type
   809 ;;		None
   810 ;; Return value:  Size  Location     Type
   811 ;;                  2   31[COMRAM] unsigned int 
   812 ;; Registers used:
   813 ;;		None
   814 ;; Tracked objects:
   815 ;;		On entry : 0/0
   816 ;;		On exit  : 0/0
   817 ;;		Unchanged: 0/0
   818 ;; Data sizes:     COMRAM   BANK0   BANK1
   819 ;;      Params:         2       0       0
   820 ;;      Locals:         0       0       0
   821 ;;      Temps:          0       0       0
   822 ;;      Totals:         2       0       0
   823 ;;Total ram usage:        2 bytes
   824 ;; Hardware stack levels used:    1
   825 ;; Hardware stack levels required when called:    2
   826 ;; This function calls:
   827 ;;		Nothing
   828 ;; This function is called by:
   829 ;;		_main
   830 ;; This function uses a non-reentrant model
   831 ;;
   832                           
   833                           	psect	text7
   834  00021E                     __ptext7:
   835                           	opt stack 0
   836  00021E                     _GetClock:
   837                           	opt stack 28
   838                           
   839                           ;clock.h: 81: return tick_units;
   840                           
   841                           ;incstack = 0
   842  00021E  C031  F020         	movff	_tick_units,?_GetClock	;volatile
   843  000222  C032  F021         	movff	_tick_units+1,?_GetClock+1	;volatile
   844  000226  0012               	return	
   845  000228                     __end_of_GetClock:
   846                           	opt stack 0
   847                           pclatu	equ	0xFFB
   848                           pclath	equ	0xFFA
   849                           tblptru	equ	0xFF8
   850                           tblptrh	equ	0xFF7
   851                           tblptrl	equ	0xFF6
   852                           tablat	equ	0xFF5
   853                           prodh	equ	0xFF4
   854                           prodl	equ	0xFF3
   855                           intcon	equ	0xFF2
   856                           fsr0h	equ	0xFEA
   857                           fsr0l	equ	0xFE9
   858                           wreg	equ	0xFE8
   859                           fsr1h	equ	0xFE2
   860                           fsr1l	equ	0xFE1
   861                           fsr2h	equ	0xFDA
   862                           fsr2l	equ	0xFD9
   863                           status	equ	0xFD8
   864                           
   865 ;; *************** function _lowISR *****************
   866 ;; Defined at:
   867 ;;		line 21 in file "clock.h"
   868 ;; Parameters:    Size  Location     Type
   869 ;;		None
   870 ;; Auto vars:     Size  Location     Type
   871 ;;		None
   872 ;; Return value:  Size  Location     Type
   873 ;;		None               void
   874 ;; Registers used:
   875 ;;		None
   876 ;; Tracked objects:
   877 ;;		On entry : 0/0
   878 ;;		On exit  : 0/0
   879 ;;		Unchanged: 0/0
   880 ;; Data sizes:     COMRAM   BANK0   BANK1
   881 ;;      Params:         0       0       0
   882 ;;      Locals:         0       0       0
   883 ;;      Temps:         17       0       0
   884 ;;      Totals:        17       0       0
   885 ;;Total ram usage:       17 bytes
   886 ;; Hardware stack levels used:    1
   887 ;; Hardware stack levels required when called:    1
   888 ;; This function calls:
   889 ;;		Nothing
   890 ;; This function is called by:
   891 ;;		Interrupt level 1
   892 ;; This function uses a non-reentrant model
   893 ;;
   894                           
   895                           	psect	intcodelo
   896  000018                     __pintcodelo:
   897                           	opt stack 0
   898  000018                     _lowISR:
   899                           	opt stack 27
   900                           
   901                           ;incstack = 0
   902  000018  CFD8 F00F          	movff	status,??_lowISR
   903  00001C  CFE8 F010          	movff	wreg,??_lowISR+1
   904  000020  CFE0 F011          	movff	bsr,??_lowISR+2
   905  000024  CFFA F012          	movff	pclath,??_lowISR+3
   906  000028  CFFB F013          	movff	pclatu,??_lowISR+4
   907  00002C  CFE9 F014          	movff	fsr0l,??_lowISR+5
   908  000030  CFEA F015          	movff	fsr0h,??_lowISR+6
   909  000034  CFE1 F016          	movff	fsr1l,??_lowISR+7
   910  000038  CFE2 F017          	movff	fsr1h,??_lowISR+8
   911  00003C  CFD9 F018          	movff	fsr2l,??_lowISR+9
   912  000040  CFDA F019          	movff	fsr2h,??_lowISR+10
   913  000044  CFF3 F01A          	movff	prodl,??_lowISR+11
   914  000048  CFF4 F01B          	movff	prodh,??_lowISR+12
   915  00004C  CFF6 F01C          	movff	tblptrl,??_lowISR+13
   916  000050  CFF7 F01D          	movff	tblptrh,??_lowISR+14
   917  000054  CFF8 F01E          	movff	tblptru,??_lowISR+15
   918  000058  CFF5 F01F          	movff	tablat,??_lowISR+16
   919  00005C  C01F  FFF5         	movff	??_lowISR+16,tablat
   920  000060  C01E  FFF8         	movff	??_lowISR+15,tblptru
   921  000064  C01D  FFF7         	movff	??_lowISR+14,tblptrh
   922  000068  C01C  FFF6         	movff	??_lowISR+13,tblptrl
   923  00006C  C01B  FFF4         	movff	??_lowISR+12,prodh
   924  000070  C01A  FFF3         	movff	??_lowISR+11,prodl
   925  000074  C019  FFDA         	movff	??_lowISR+10,fsr2h
   926  000078  C018  FFD9         	movff	??_lowISR+9,fsr2l
   927  00007C  C017  FFE2         	movff	??_lowISR+8,fsr1h
   928  000080  C016  FFE1         	movff	??_lowISR+7,fsr1l
   929  000084  C015  FFEA         	movff	??_lowISR+6,fsr0h
   930  000088  C014  FFE9         	movff	??_lowISR+5,fsr0l
   931  00008C  C013  FFFB         	movff	??_lowISR+4,pclatu
   932  000090  C012  FFFA         	movff	??_lowISR+3,pclath
   933  000094  C011  FFE0         	movff	??_lowISR+2,bsr
   934  000098  C010  FFE8         	movff	??_lowISR+1,wreg
   935  00009C  C00F  FFD8         	movff	??_lowISR,status
   936  0000A0  0010               	retfie	
   937  0000A2                     __end_of_lowISR:
   938                           	opt stack 0
   939                           pclatu	equ	0xFFB
   940                           pclath	equ	0xFFA
   941                           tblptru	equ	0xFF8
   942                           tblptrh	equ	0xFF7
   943                           tblptrl	equ	0xFF6
   944                           tablat	equ	0xFF5
   945                           prodh	equ	0xFF4
   946                           prodl	equ	0xFF3
   947                           intcon	equ	0xFF2
   948                           fsr0h	equ	0xFEA
   949                           fsr0l	equ	0xFE9
   950                           wreg	equ	0xFE8
   951                           fsr1h	equ	0xFE2
   952                           fsr1l	equ	0xFE1
   953                           bsr	equ	0xFE0
   954                           fsr2h	equ	0xFDA
   955                           fsr2l	equ	0xFD9
   956                           status	equ	0xFD8
   957                           
   958 ;; *************** function _highISR *****************
   959 ;; Defined at:
   960 ;;		line 25 in file "clock.h"
   961 ;; Parameters:    Size  Location     Type
   962 ;;		None
   963 ;; Auto vars:     Size  Location     Type
   964 ;;		None
   965 ;; Return value:  Size  Location     Type
   966 ;;		None               void
   967 ;; Registers used:
   968 ;;		status,2, status,0
   969 ;; Tracked objects:
   970 ;;		On entry : 0/0
   971 ;;		On exit  : 0/0
   972 ;;		Unchanged: 0/0
   973 ;; Data sizes:     COMRAM   BANK0   BANK1
   974 ;;      Params:         0       0       0
   975 ;;      Locals:         0       0       0
   976 ;;      Temps:         14       0       0
   977 ;;      Totals:        14       0       0
   978 ;;Total ram usage:       14 bytes
   979 ;; Hardware stack levels used:    1
   980 ;; This function calls:
   981 ;;		Nothing
   982 ;; This function is called by:
   983 ;;		Interrupt level 2
   984 ;; This function uses a non-reentrant model
   985 ;;
   986                           
   987                           	psect	intcode
   988  000008                     __pintcode:
   989                           	opt stack 0
   990  000008                     _highISR:
   991                           	opt stack 27
   992                           
   993                           ;incstack = 0
   994  000008  CFFA F001          	movff	pclath,??_highISR
   995  00000C  CFFB F002          	movff	pclatu,??_highISR+1
   996  000010  CFE9 F003          	movff	fsr0l,??_highISR+2
   997  000014  EFA4  F000         	goto	int_func
   998                           pclatu	equ	0xFFB
   999                           pclath	equ	0xFFA
  1000                           tblptru	equ	0xFF8
  1001                           tblptrh	equ	0xFF7
  1002                           tblptrl	equ	0xFF6
  1003                           tablat	equ	0xFF5
  1004                           prodh	equ	0xFF4
  1005                           prodl	equ	0xFF3
  1006                           intcon	equ	0xFF2
  1007                           fsr0h	equ	0xFEA
  1008                           fsr0l	equ	0xFE9
  1009                           wreg	equ	0xFE8
  1010                           fsr1h	equ	0xFE2
  1011                           fsr1l	equ	0xFE1
  1012                           bsr	equ	0xFE0
  1013                           fsr2h	equ	0xFDA
  1014                           fsr2l	equ	0xFD9
  1015                           status	equ	0xFD8
  1016                           pclatu	equ	0xFFB
  1017                           pclath	equ	0xFFA
  1018                           tblptru	equ	0xFF8
  1019                           tblptrh	equ	0xFF7
  1020                           tblptrl	equ	0xFF6
  1021                           tablat	equ	0xFF5
  1022                           prodh	equ	0xFF4
  1023                           prodl	equ	0xFF3
  1024                           intcon	equ	0xFF2
  1025                           fsr0h	equ	0xFEA
  1026                           fsr0l	equ	0xFE9
  1027                           wreg	equ	0xFE8
  1028                           fsr1h	equ	0xFE2
  1029                           fsr1l	equ	0xFE1
  1030                           bsr	equ	0xFE0
  1031                           fsr2h	equ	0xFDA
  1032                           fsr2l	equ	0xFD9
  1033                           status	equ	0xFD8
  1034                           
  1035                           	psect	rparam
  1036  0000                     pclatu	equ	0xFFB
  1037                           pclath	equ	0xFFA
  1038                           tblptru	equ	0xFF8
  1039                           tblptrh	equ	0xFF7
  1040                           tblptrl	equ	0xFF6
  1041                           tablat	equ	0xFF5
  1042                           prodh	equ	0xFF4
  1043                           prodl	equ	0xFF3
  1044                           intcon	equ	0xFF2
  1045                           fsr0h	equ	0xFEA
  1046                           fsr0l	equ	0xFE9
  1047                           wreg	equ	0xFE8
  1048                           fsr1h	equ	0xFE2
  1049                           fsr1l	equ	0xFE1
  1050                           bsr	equ	0xFE0
  1051                           fsr2h	equ	0xFDA
  1052                           fsr2l	equ	0xFD9
  1053                           status	equ	0xFD8


Data Sizes:
    Strings     0
    Constant    0
    Data        0
    BSS         2
    Persistent  0
    Stack       0

Auto Spaces:
    Space          Size  Autos    Used
    COMRAM          127     48      50
    BANK0           128      0       0
    BANK1           256      0       0

Pointer List with Targets:

    None.

Critical Paths under _main in COMRAM

    _main->_delay_s
    _delay_s->_Delay10KTCYx
    _OpenClock->_OpenTimer3

Critical Paths under _lowISR in COMRAM

    None.

Critical Paths under _highISR in COMRAM

    None.

Critical Paths under _main in BANK0

    None.

Critical Paths under _lowISR in BANK0

    None.

Critical Paths under _highISR in BANK0

    None.

Critical Paths under _main in BANK1

    None.

Critical Paths under _lowISR in BANK1

    None.

Critical Paths under _highISR in BANK1

    None.

Call Graph Tables:

 ---------------------------------------------------------------------------------
 (Depth) Function   	        Calls       Base Space   Used Autos Params    Refs
 ---------------------------------------------------------------------------------
 (0) _main                                                13     8      5     251
                                             35 COMRAM    13     8      5
                           _GetClock
                          _OpenClock
                            _delay_s
                            _openLED
                             _setLED
 ---------------------------------------------------------------------------------
 (1) _setLED                                               1     1      0      15
                                             31 COMRAM     1     1      0
 ---------------------------------------------------------------------------------
 (1) _openLED                                              0     0      0       0
 ---------------------------------------------------------------------------------
 (1) _delay_s                                              2     0      2     116
                                             33 COMRAM     2     0      2
                       _Delay10KTCYx
 ---------------------------------------------------------------------------------
 (2) _Delay10KTCYx                                         2     2      0      15
                                             31 COMRAM     2     2      0
 ---------------------------------------------------------------------------------
 (1) _OpenClock                                            0     0      0      45
                         _OpenTimer3
 ---------------------------------------------------------------------------------
 (2) _OpenTimer3                                           1     1      0      45
                                             31 COMRAM     1     1      0
 ---------------------------------------------------------------------------------
 (1) _GetClock                                             2     0      2       0
                                             31 COMRAM     2     0      2
 ---------------------------------------------------------------------------------
 Estimated maximum stack depth 2
 ---------------------------------------------------------------------------------
 (Depth) Function   	        Calls       Base Space   Used Autos Params    Refs
 ---------------------------------------------------------------------------------
 (3) _lowISR                                              17    17      0       0
                                             14 COMRAM    17    17      0
 ---------------------------------------------------------------------------------
 Estimated maximum stack depth 3
 ---------------------------------------------------------------------------------
 (Depth) Function   	        Calls       Base Space   Used Autos Params    Refs
 ---------------------------------------------------------------------------------
 (4) _highISR                                             14    14      0       0
                                              0 COMRAM    14    14      0
 ---------------------------------------------------------------------------------
 Estimated maximum stack depth 4
 ---------------------------------------------------------------------------------

 Call Graph Graphs:

 _main (ROOT)
   _GetClock
   _OpenClock
     _OpenTimer3
   _delay_s
     _Delay10KTCYx
   _openLED
   _setLED

 _lowISR (ROOT)

 _highISR (ROOT)

 Address spaces:
Name               Size   Autos  Total    Cost      Usage
BIGRAM             1FF      0       0       8        0.0%
EEDATA             100      0       0       0        0.0%
BITBANK1           100      0       0       5        0.0%
BANK1              100      0       0       6        0.0%
BITBANK0            80      0       0       3        0.0%
BANK0               80      0       0       4        0.0%
BITCOMRAM           7F      0       0       0        0.0%
COMRAM              7F     30      32       1       39.4%
BITSFR               0      0       0      40        0.0%
SFR                  0      0       0      40        0.0%
STACK                0      0       0       2        0.0%
NULL                 0      0       0       0        0.0%
ABS                  0      0      32       7        0.0%
DATA                 0      0      32       9        0.0%
CODE                 0      0       0       0        0.0%


Microchip Technology PIC18 Macro Assembler V1.33 build 59893 
Symbol Table                                                                                   Fri Jan 30 13:05:07 2015

                     l85 01D2                       l86 01D4                       l87 01DC  
                     l88 01DE                       u97 01EA              __CFG_BOR$ON 000000  
                     bsr 000FE0             __CFG_CP0$OFF 000000             __CFG_CP1$OFF 000000  
           __CFG_CP2$OFF 000000             __CFG_CP3$OFF 000000              __CFG_OSC$HS 000000  
                    l315 01E4                      l734 00B6                      l752 0106  
                    l746 00FA                      l748 0100             __CFG_CPB$OFF 000000  
           __CFG_CPD$OFF 000000             __CFG_BORV$42 000000                      wreg 000FE8  
           __CFG_LVP$OFF 000000             __CFG_WDT$OFF 000000                     _DDRD 000F95  
                   _LATD 000F8C             __CFG_PWRT$ON 000000                     _main 00A6  
                   fsr0h 000FEA                     fsr1h 000FE2                     fsr0l 000FE9  
                   fsr2h 000FDA                     fsr1l 000FE1                     fsr2l 000FD9  
                   pclat 000FFA                     prodh 000FF4                     prodl 000FF3  
                   start 00A2            __CFG_PBAD$DIG 000000            __CFG_FSCM$OFF 000000  
          __CFG_IESO$OFF 000000            __CFG_MCLRE$ON 000000           __CFG_CCP2MX$ON 000000  
                  ?_main 0024                    _T3CON 000FB1           __CFG_DEBUG$OFF 000000  
                  i2l722 017C                    _TMR3H 000FB3                    _TMR3L 000FB2  
  __size_of_Delay10KTCYx 0016          __end_of_delay_s 0214            __CFG_WRT0$OFF 000000  
          __CFG_WRT1$OFF 000000            __CFG_WRT2$OFF 000000            __CFG_WRT3$OFF 000000  
        __end_of_highISR 01B8           __CFG_EBTR0$OFF 000000           __CFG_EBTR1$OFF 000000  
         __CFG_EBTR2$OFF 000000           __CFG_EBTR3$OFF 000000            __CFG_STVR$OFF 000000  
          __CFG_WRTB$OFF 000000            __CFG_WRTC$OFF 000000            __CFG_WRTD$OFF 000000  
         __CFG_EBTRB$OFF 000000          __end_of_openLED 0236                    main@i 002D  
                  tablat 000FF5                    status 000FD8         __end_of_GetClock 0228  
        __initialization 0214             __end_of_main 0148             _Delay10KTCYx 01E2  
                 ??_main 0029            __activetblptr 000000               _OpenTimer3 01B8  
     __size_of_OpenClock 0010                   _lowISR 0018                   _setLED 0228  
       OpenTimer3@config 0020                ??_delay_s 0024              setLED@value 0020  
              ??_highISR 0001                ??_openLED 0020                   tblptrh 000FF7  
                 tblptrl 000FF6                   tblptru 000FF8               __accesstop 0080  
__end_of__initialization 0218           __pcstackCOMRAM 0001                ?_GetClock 0020  
      __end_of_OpenClock 0208              ?_OpenTimer3 0001                  ?_lowISR 0001  
                ?_setLED 0001               ??_GetClock 0022                  __Hparam 0000  
                __Lparam 0000                  __pcinit 0214          __size_of_lowISR 008A  
        __size_of_setLED 0008                  _delay_s 0208                  __ramtop 0200  
    __size_of_OpenTimer3 002A                  _highISR 0008                  __ptext0 00A6  
                __ptext1 0228                  __ptext2 0230                  __ptext3 0208  
                __ptext4 01E2                  __ptext5 01F8                  __ptext6 01B8  
                __ptext7 021E                _T3CONbits 000FB1                  _openLED 0230  
         __pintcode_body 0148     end_of_initialization 0218                  int_func 0148  
             _tick_units 0031           __end_of_lowISR 00A2           __end_of_setLED 0230  
    start_initialization 0214        __size_of_GetClock 000A             ??_OpenTimer3 0020  
              _OpenClock 01F8                 ??_lowISR 000F                 ??_setLED 0020  
     __end_of_OpenTimer3 01E2              __pbssCOMRAM 0031               ?_OpenClock 0001  
              __pintcode 0008            ?_Delay10KTCYx 0001              __pintcodelo 0018  
               ?_delay_s 0022                 ?_highISR 0001                 ?_openLED 0001  
               _IPR2bits 000FA2                 _PIE2bits 000FA0                 _PIR2bits 000FA1  
               _RCONbits 000FD0           ??_Delay10KTCYx 0020                main@i_295 002F  
              main@ticks 002B         Delay10KTCYx@unit 0021                 _GetClock 021E  
            ??_OpenClock 0021                 __Hrparam 0000                 __Lrparam 0000  
       __size_of_delay_s 000C         __size_of_highISR 01B0         __size_of_openLED 0006  
          __size_of_main 00A2                 delay_s@x 0022                 main@argc 0024  
               main@argv 0026               _INTCONbits 000FF2     __end_of_Delay10KTCYx 01F8  
               intlevel1 0000                 intlevel2 0000  
